\BOOKMARK [0][-]{chapter.1}{Introduction}{}% 1
\BOOKMARK [1][-]{section.1.1}{Notations}{chapter.1}% 2
\BOOKMARK [0][-]{chapter.2}{Spectral clustering}{}% 3
\BOOKMARK [1][-]{section.2.1}{The clustering problem}{chapter.2}% 4
\BOOKMARK [1][-]{section.2.2}{Preliminary definitions}{chapter.2}% 5
\BOOKMARK [1][-]{section.2.3}{Ideal case approach}{chapter.2}% 6
\BOOKMARK [1][-]{section.2.4}{Relaxation approach}{chapter.2}% 7
\BOOKMARK [2][-]{subsection.2.4.1}{Background}{section.2.4}% 8
\BOOKMARK [2][-]{subsection.2.4.2}{Derivation}{section.2.4}% 9
\BOOKMARK [0][-]{chapter.3}{Spectral clustering with the Bethe Hessian}{}% 10
\BOOKMARK [1][-]{section.3.1}{Stochastic Block Model}{chapter.3}% 11
\BOOKMARK [1][-]{section.3.2}{Bethe Hessian}{chapter.3}% 12
\BOOKMARK [0][-]{chapter.4}{Constrained spectral clustering with FAST-GE-2.0}{}% 13
\BOOKMARK [1][-]{section.4.1}{Constrained Clustering}{chapter.4}% 14
\BOOKMARK [1][-]{section.4.2}{FAST-GE-2.0}{chapter.4}% 15
\BOOKMARK [2][-]{subsection.4.2.1}{Auxiliary graphs}{section.4.2}% 16
\BOOKMARK [2][-]{subsection.4.2.2}{Objective function}{section.4.2}% 17
\BOOKMARK [2][-]{subsection.4.2.3}{Eigenproblem formulation}{section.4.2}% 18
\BOOKMARK [0][-]{chapter.5}{Proposed method}{}% 19
\BOOKMARK [1][-]{section.5.1}{Our idea}{chapter.5}% 20
\BOOKMARK [1][-]{section.5.2}{Problem with the degrees}{chapter.5}% 21
\BOOKMARK [1][-]{section.5.3}{Algorithm}{chapter.5}% 22
\BOOKMARK [0][-]{chapter.6}{Numerical experiments}{}% 23
\BOOKMARK [1][-]{section.6.1}{Clustering evaluation and computing environment}{chapter.6}% 24
\BOOKMARK [1][-]{section.6.2}{Experiment 1}{chapter.6}% 25
\BOOKMARK [1][-]{section.6.3}{Experiment 2}{chapter.6}% 26
\BOOKMARK [1][-]{section.6.4}{Experiment 3}{chapter.6}% 27
\BOOKMARK [1][-]{section.6.5}{Experiment 4}{chapter.6}% 28
\BOOKMARK [0][-]{chapter.7}{Summary and future work}{}% 29
\BOOKMARK [0][-]{chapter*.21}{Acknowledgements}{}% 30
\BOOKMARK [0][-]{chapter*.21}{References}{}% 31
